#
# There is insufficient memory for the Java Runtime Environment to continue.
# Native memory allocation (mmap) failed to map 268435456 bytes for Failed to commit area from 0x0000000700a00000 to 0x0000000710a00000 of length 268435456.
# Possible reasons:
#   The system is out of physical RAM or swap space
#   The process is running with CompressedOops enabled, and the Java Heap may be blocking the growth of the native heap
# Possible solutions:
#   Reduce memory load on the system
#   Increase physical memory or swap space
#   Check if swap backing store is full
#   Decrease Java heap size (-Xmx/-Xms)
#   Decrease number of Java threads
#   Decrease Java thread stack sizes (-Xss)
#   Set larger code cache with -XX:ReservedCodeCacheSize=
# This output file may be truncated or incomplete.
#
#  Out of Memory Error (t:/workspace/open/src/hotspot/os/windows/os_windows.cpp:3264), pid=28352, tid=364
#
# JRE version:  (12.0.2+10) (build )
# Java VM: Java HotSpot(TM) 64-Bit Server VM (12.0.2+10, mixed mode, aot, sharing, tiered, compressed oops, g1 gc, windows-amd64)
# No core dump will be written. Minidumps are not enabled by default on client versions of Windows
#

---------------  S U M M A R Y ------------

Command Line: -Dorg.gradle.appname=gradlew org.gradle.wrapper.GradleWrapperMain -q -Ptarget-platform=android-x86 -Ptarget=D:\WORK\_2021\Flutter\weather\lib\main.dart -Ptrack-widget-creation=true -Pfilesystem-scheme=org-dartlang-root -Pdart-defines=flutter.inspector.structuredErrors%3Dtrue assembleDebug

Host: Intel(R) Core(TM) i7-2600 CPU @ 3.40GHz, 8 cores, 15G,  Windows 10 , 64 bit Build 19041 (10.0.19041.804)
Time: Mon Mar  1 15:15:26 2021 Финляндия (зима) elapsed time: 0 seconds (0d 0h 0m 0s)

---------------  T H R E A D  ---------------

Current thread (0x000002c55e660800):  JavaThread "Unknown thread" [_thread_in_vm, id=364, stack(0x000000d088a00000,0x000000d088b00000)]

Stack: [0x000000d088a00000,0x000000d088b00000]
Native frames: (J=compiled Java code, j=interpreted, Vv=VM code, C=native code)
V  [jvm.dll+0x63aa2a]
V  [jvm.dll+0x78ce1e]
V  [jvm.dll+0x78e4c1]
V  [jvm.dll+0x78eb13]
V  [jvm.dll+0x2627e8]
V  [jvm.dll+0x637f5a]
V  [jvm.dll+0x62c845]
V  [jvm.dll+0x31e49c]
V  [jvm.dll+0x31e2cf]
V  [jvm.dll+0x324006]
V  [jvm.dll+0x371f56]
V  [jvm.dll+0x371720]
V  [jvm.dll+0x2f845a]
V  [jvm.dll+0x2f96d2]
V  [jvm.dll+0x767267]
V  [jvm.dll+0x7689f5]
V  [jvm.dll+0x380059]
V  [jvm.dll+0x74b794]
V  [jvm.dll+0x3ef5cd]
V  [jvm.dll+0x3f1471]
C  [jli.dll+0x51cf]
C  [ucrtbase.dll+0x21bb2]
C  [KERNEL32.DLL+0x17034]
C  [ntdll.dll+0x4d241]


---------------  P R O C E S S  ---------------

Threads class SMR info:
_java_thread_list=0x00007ff93caf7928, length=0, elements={
}

Java Threads: ( => current thread )

Other Threads:
  0x000002c55e6c5000 GCTaskThread "GC Thread#0" [stack: 0x000000d088b00000,0x000000d088c00000] [id=9244]
  0x000002c55e6df000 ConcurrentGCThread "G1 Main Marker" [stack: 0x000000d088c00000,0x000000d088d00000] [id=33992]
  0x000002c55e6e1800 ConcurrentGCThread "G1 Conc#0" [stack: 0x000000d088d00000,0x000000d088e00000] [id=23172]

[error occurred during error reporting (printing all threads), id 0xc0000005, EXCEPTION_ACCESS_VIOLATION (0xc0000005) at pc=0x00007ff93c3285e7]

VM state:not at safepoint (not fully initialized)

VM Mutex/Monitor currently owned by a thread:  ([mutex/lock_event])
[0x000002c55e65cc00] Heap_lock - owner thread: 0x000002c55e660800

Heap address: 0x0000000700a00000, size: 4086 MB, Compressed Oops mode: Non-zero based: 0x0000000700a00000
Narrow klass base: 0x0000000000000000, Narrow klass shift: 0

GC Heap History (0 events):
No events

Deoptimization events (0 events):
No events

Classes redefined (0 events):
No events

Internal exceptions (0 events):
No events

Events (0 events):
No events


Dynamic libraries:
0x00007ff7ec2e0000 - 0x00007ff7ec2ef000 	C:\Program Files\Java\jdk-12.0.2\bin\java.exe
0x00007ff99cd70000 - 0x00007ff99cf66000 	C:\WINDOWS\SYSTEM32\ntdll.dll
0x00007ff99c280000 - 0x00007ff99c33d000 	C:\WINDOWS\System32\KERNEL32.DLL
0x00007ff99a7e0000 - 0x00007ff99aaa9000 	C:\WINDOWS\System32\KERNELBASE.dll
0x00007ff99a4b0000 - 0x00007ff99a5b0000 	C:\WINDOWS\System32\ucrtbase.dll
0x00007ff981f10000 - 0x00007ff981f28000 	C:\Program Files\Java\jdk-12.0.2\bin\jli.dll
0x00007ff99b040000 - 0x00007ff99b0ec000 	C:\WINDOWS\System32\ADVAPI32.dll
0x00007ff99bf80000 - 0x00007ff99c01e000 	C:\WINDOWS\System32\msvcrt.dll
0x00007ff99b740000 - 0x00007ff99b7dc000 	C:\WINDOWS\System32\sechost.dll
0x00007ff97c330000 - 0x00007ff97c346000 	C:\Program Files\Java\jdk-12.0.2\bin\VCRUNTIME140.dll
0x00007ff99bdb0000 - 0x00007ff99bedb000 	C:\WINDOWS\System32\RPCRT4.dll
0x00007ff99c3d0000 - 0x00007ff99c570000 	C:\WINDOWS\System32\USER32.dll
0x00007ff99a7b0000 - 0x00007ff99a7d2000 	C:\WINDOWS\System32\win32u.dll
0x00007ff99bb50000 - 0x00007ff99bb7a000 	C:\WINDOWS\System32\GDI32.dll
0x00007ff98cac0000 - 0x00007ff98cd5b000 	C:\WINDOWS\WinSxS\amd64_microsoft.windows.common-controls_6595b64144ccf1df_6.0.19041.746_none_ca02b4b61b8320a4\COMCTL32.dll
0x00007ff99ab60000 - 0x00007ff99ac6b000 	C:\WINDOWS\System32\gdi32full.dll
0x00007ff99a6c0000 - 0x00007ff99a75d000 	C:\WINDOWS\System32\msvcp_win.dll
0x00007ff991c90000 - 0x00007ff991c9a000 	C:\WINDOWS\SYSTEM32\VERSION.dll
0x00007ff99bd10000 - 0x00007ff99bd40000 	C:\WINDOWS\System32\IMM32.DLL
0x00007ff9521c0000 - 0x00007ff95226a000 	C:\Program Files\Java\jdk-12.0.2\bin\msvcp140.dll
0x00007ff93c020000 - 0x00007ff93cb97000 	C:\Program Files\Java\jdk-12.0.2\bin\server\jvm.dll
0x00007ff99bda0000 - 0x00007ff99bda8000 	C:\WINDOWS\System32\PSAPI.DLL
0x00007ff9785c0000 - 0x00007ff9785c9000 	C:\WINDOWS\SYSTEM32\WSOCK32.dll
0x00007ff98ca90000 - 0x00007ff98cab7000 	C:\WINDOWS\SYSTEM32\WINMM.dll
0x00007ff99ccc0000 - 0x00007ff99cd2b000 	C:\WINDOWS\System32\WS2_32.dll
0x00007ff9983e0000 - 0x00007ff9983f2000 	C:\WINDOWS\SYSTEM32\kernel.appcore.dll
0x00007ff979030000 - 0x00007ff979041000 	C:\Program Files\Java\jdk-12.0.2\bin\verify.dll
0x00007ff98f280000 - 0x00007ff98f464000 	C:\WINDOWS\SYSTEM32\DBGHELP.DLL
0x00007ff98f8f0000 - 0x00007ff98f91c000 	C:\WINDOWS\SYSTEM32\dbgcore.DLL
0x00007ff99aab0000 - 0x00007ff99ab30000 	C:\WINDOWS\System32\bcryptPrimitives.dll
0x00007ff973f20000 - 0x00007ff973f46000 	C:\Program Files\Java\jdk-12.0.2\bin\java.dll
0x00007ff977320000 - 0x00007ff977337000 	C:\Program Files\Java\jdk-12.0.2\bin\zip.dll
0x00007ff981070000 - 0x00007ff98107a000 	C:\Program Files\Java\jdk-12.0.2\bin\jimage.dll

dbghelp: loaded successfully - version: 4.0.5 - missing functions: none
symbol engine: initialized successfully - sym options: 0x614 - pdb path: .;C:\Program Files\Java\jdk-12.0.2\bin;C:\WINDOWS\SYSTEM32;C:\WINDOWS\WinSxS\amd64_microsoft.windows.common-controls_6595b64144ccf1df_6.0.19041.746_none_ca02b4b61b8320a4;C:\Program Files\Java\jdk-12.0.2\bin\server

VM Arguments:
jvm_args: -Dorg.gradle.appname=gradlew 
java_command: org.gradle.wrapper.GradleWrapperMain -q -Ptarget-platform=android-x86 -Ptarget=D:\WORK\_2021\Flutter\weather\lib\main.dart -Ptrack-widget-creation=true -Pfilesystem-scheme=org-dartlang-root -Pdart-defines=flutter.inspector.structuredErrors%3Dtrue assembleDebug
java_class_path (initial): D:\WORK\_2021\Flutter\weather\android\\gradle\wrapper\gradle-wrapper.jar
Launcher Type: SUN_STANDARD

[Global flags]
     intx CICompilerCount                          = 4                                         {product} {ergonomic}
     uint ConcGCThreads                            = 2                                         {product} {ergonomic}
     uint G1ConcRefinementThreads                  = 8                                         {product} {ergonomic}
   size_t G1HeapRegionSize                         = 1048576                                   {product} {ergonomic}
    uintx GCDrainStackTargetSize                   = 64                                        {product} {ergonomic}
   size_t InitialHeapSize                          = 268435456                                 {product} {ergonomic}
   size_t MarkStackSize                            = 4194304                                   {product} {ergonomic}
   size_t MaxHeapSize                              = 4284481536                                {product} {ergonomic}
   size_t MinHeapDeltaBytes                        = 1048576                                   {product} {ergonomic}
    uintx NonNMethodCodeHeapSize                   = 5836300                                {pd product} {ergonomic}
    uintx NonProfiledCodeHeapSize                  = 122910970                              {pd product} {ergonomic}
    uintx ProfiledCodeHeapSize                     = 122910970                              {pd product} {ergonomic}
    uintx ReservedCodeCacheSize                    = 251658240                              {pd product} {ergonomic}
     bool SegmentedCodeCache                       = true                                      {product} {ergonomic}
     bool UseCompressedClassPointers               = true                                 {lp64_product} {ergonomic}
     bool UseCompressedOops                        = true                                 {lp64_product} {ergonomic}
     bool UseG1GC                                  = true                                      {product} {ergonomic}
     bool UseLargePagesIndividualAllocation        = false                                  {pd product} {ergonomic}

Logging:
Log output configuration:
 #0: stdout all=warning uptime,level,tags
 #1: stderr all=off uptime,level,tags

Environment Variables:
JAVA_HOME=C:\Program Files\Java\jdk-12.0.2
CLASSPATH=D:\WORK\_2021\Flutter\weather\android\\gradle\wrapper\gradle-wrapper.jar
PATH=C:\flutter\bin;C:\Program Files\Java\jdk-12.0.2\bin;C:\Program Files\Microsoft MPI\Bin\;C:\Windows\system32;C:\Windows;C:\Windows\System32\Wbem;C:\Windows\System32\WindowsPowerShell\v1.0\;C:\Program Files\Microsoft SQL Server\130\Tools\Binn\;C:\Program Files\dotnet\;C:\Program Files (x86)\Microsoft SQL Server\110\Tools\Binn\;C:\Program Files\Microsoft SQL Server\110\Tools\Binn\;C:\Program Files\Microsoft SQL Server\110\DTS\Binn\;C:\Program Files (x86)\Microsoft SQL Server\110\Tools\Binn\ManagementStudio\;C:\Program Files (x86)\Microsoft SQL Server\110\DTS\Binn\;C:\WINDOWS\system32;C:\WINDOWS;C:\WINDOWS\System32\Wbem;C:\WINDOWS\System32\WindowsPowerShell\v1.0\;C:\WINDOWS\System32\OpenSSH\;D:\Programm\Microsoft VS Code\bin;C:\Program Files (x86)\dotnet\;"C:\Program Files\Java\jdk-12.0.2\bin;";BIN;C:\Program Files (x86)\Microsoft SQL Server\130\Tools\Binn\;C:\Program Files (x86)\Microsoft SQL Server\130\DTS\Binn\;C:\Program Files\Microsoft SQL Server\130\DTS\Binn\;C:\Program Files\Microsoft SQL Server\Client SDK\ODBC\130\Tools\Binn\;C:\Program Files (x86)\Microsoft SQL Server\150\DTS\Binn\;C:\Program Files\EmEditor;D:\Programm\MySQL\bin;C:\Program Files (x86)\Windows Kits\8.1\Windows Performance Toolkit\;C:\Program Files\Microsoft SQL Server\Client SDK\ODBC\170\Tools\Binn\;C:\Program Files (x86)\Microsoft SQL Server\140\Tools\Binn\;C:\Program Files\Microsoft SQL Server\140\Tools\Binn\;C:\Program Files (x86)\Microsoft SQL Server\140\DTS\Binn\;C:\Program Files\Microsoft SQL Server\140\DTS\Binn\;C:\Program Files\Microsoft\Web Platform Installer\;D:\Programm\NodeJS\;C:\Program Files\Git\cmd;C:\flutter\bin;C:\Users\Admin\AppData\Local\Microsoft\WindowsApps;D:\Programm\Microsoft VS Code\bin;C:\Users\Admin\.dotnet\tools;C:\Program Files\Java\jdk-12.0.2\bin;"C:\Program Files\Java\jdk-12.0.2\bin;";D:\Programm\Idea\IntelliJ IDEA 2019.2\bin;D:\Programm\Fiddler;C:\Users\Admin\AppData\Roaming\npm;C:\Users\Admin\AppData\Local\Microsoft\WindowsApps;C:\Users\Admin\.dotnet\tools;D:\P
USERNAME=Admin
OS=Windows_NT
PROCESSOR_IDENTIFIER=Intel64 Family 6 Model 42 Stepping 7, GenuineIntel



---------------  S Y S T E M  ---------------

OS: Windows 10 , 64 bit Build 19041 (10.0.19041.804)

CPU:total 8 (initial active 8) (4 cores per cpu, 2 threads per core) family 6 model 42 stepping 7, cmov, cx8, fxsr, mmx, sse, sse2, sse3, ssse3, sse4.1, sse4.2, popcnt, avx, aes, clmul, ht, tsc, tscinvbit

Memory: 4k page, system-wide physical 16337M (1924M free)
TotalPageFile size 24537M (AvailPageFile size 48M)
current process WorkingSet (physical memory assigned to process): 10M, peak: 10M
current process commit charge ("private bytes"): 61M, peak: 316M

vm_info: Java HotSpot(TM) 64-Bit Server VM (12.0.2+10) for windows-amd64 JRE (12.0.2+10), built on Jul 16 2019 01:56:17 by "mach5one" with MS VC++ 15.5 (VS2017)

END.
